2025-04-23 12:01:58,982 - INFO - Loading dataset...
2025-04-23 12:01:59,673 - INFO - Starting dataset analysis...
2025-04-23 12:01:59,673 - INFO - Dataset shape: (404134, 18)
2025-04-23 12:01:59,684 - INFO - Class distribution:
label
0    0.667729
1    0.332271
Name: proportion, dtype: float64
2025-04-23 12:01:59,700 - INFO - Numeric features: 17
2025-04-23 12:02:00,009 - INFO - Feature correlations with target:
2025-04-23 12:02:00,009 - INFO - label                                  1.000000
reception_total_duration_per_sec       0.229349
transmission_count_per_sec             0.101199
transmission_rate_per_1000_ms          0.101129
transmission_average_per_sec           0.093855
dao                                    0.084432
dis                                    0.069258
dio                                    0.046000
reception_rate_per_1000_ms             0.041332
reception_count_per_sec                0.041284
reception_average_per_sec              0.036550
transmission_total_duration_per_sec    0.027751
time                                   0.010129
info                                  -0.005952
source                                -0.011556
destination                           -0.012006
length                                -0.017908
Name: label, dtype: float64
2025-04-23 12:02:03,243 - INFO - Dataset analysis completed
2025-04-23 12:02:03,245 - INFO - Starting data preprocessing...
2025-04-23 12:02:03,263 - INFO - Removing outliers...
2025-04-23 12:02:03,386 - INFO - Removed 142765 outliers
2025-04-23 12:02:03,387 - INFO - Adding engineered features...
2025-04-23 12:02:03,393 - INFO - Normalizing features...
2025-04-23 12:02:03,461 - INFO - Splitting data into train and test sets...
2025-04-23 12:02:03,593 - INFO - Training set: (209095, 15), Test set: (52274, 15)
2025-04-23 12:02:03,597 - INFO - Starting LightGBM training...
2025-04-23 12:02:03,597 - ERROR - Error in training process: train() got an unexpected keyword argument 'early_stopping_rounds'
2025-04-23 12:02:20,416 - INFO - Loading dataset...
2025-04-23 12:02:21,100 - INFO - Starting dataset analysis...
2025-04-23 12:02:21,100 - INFO - Dataset shape: (404134, 18)
2025-04-23 12:02:21,104 - INFO - Class distribution:
label
0    0.667729
1    0.332271
Name: proportion, dtype: float64
2025-04-23 12:02:21,117 - INFO - Numeric features: 17
2025-04-23 12:02:21,399 - INFO - Feature correlations with target:
2025-04-23 12:02:21,400 - INFO - label                                  1.000000
reception_total_duration_per_sec       0.229349
transmission_count_per_sec             0.101199
transmission_rate_per_1000_ms          0.101129
transmission_average_per_sec           0.093855
dao                                    0.084432
dis                                    0.069258
dio                                    0.046000
reception_rate_per_1000_ms             0.041332
reception_count_per_sec                0.041284
reception_average_per_sec              0.036550
transmission_total_duration_per_sec    0.027751
time                                   0.010129
info                                  -0.005952
source                                -0.011556
destination                           -0.012006
length                                -0.017908
Name: label, dtype: float64
2025-04-23 12:02:23,784 - INFO - Dataset analysis completed
2025-04-23 12:02:23,786 - INFO - Starting data preprocessing...
2025-04-23 12:02:23,802 - INFO - Removing outliers...
2025-04-23 12:02:23,919 - INFO - Removed 142765 outliers
2025-04-23 12:02:23,919 - INFO - Adding engineered features...
2025-04-23 12:02:23,926 - INFO - Normalizing features...
2025-04-23 12:02:23,996 - INFO - Splitting data into train and test sets...
2025-04-23 12:02:24,124 - INFO - Training set: (209095, 15), Test set: (52274, 15)
2025-04-23 12:02:24,128 - INFO - Starting LightGBM training...
2025-04-23 12:02:24,128 - ERROR - Error in training process: train() got an unexpected keyword argument 'verbose_eval'
2025-04-23 12:03:09,663 - INFO - Loading dataset...
2025-04-23 12:03:10,343 - INFO - Starting dataset analysis...
2025-04-23 12:03:10,343 - INFO - Dataset shape: (404134, 18)
2025-04-23 12:03:10,347 - INFO - Class distribution:
label
0    0.667729
1    0.332271
Name: proportion, dtype: float64
2025-04-23 12:03:10,360 - INFO - Numeric features: 17
2025-04-23 12:03:10,644 - INFO - Feature correlations with target:
2025-04-23 12:03:10,644 - INFO - label                                  1.000000
reception_total_duration_per_sec       0.229349
transmission_count_per_sec             0.101199
transmission_rate_per_1000_ms          0.101129
transmission_average_per_sec           0.093855
dao                                    0.084432
dis                                    0.069258
dio                                    0.046000
reception_rate_per_1000_ms             0.041332
reception_count_per_sec                0.041284
reception_average_per_sec              0.036550
transmission_total_duration_per_sec    0.027751
time                                   0.010129
info                                  -0.005952
source                                -0.011556
destination                           -0.012006
length                                -0.017908
Name: label, dtype: float64
2025-04-23 12:03:13,119 - INFO - Dataset analysis completed
2025-04-23 12:03:13,122 - INFO - Starting data preprocessing...
2025-04-23 12:03:13,139 - INFO - Removing outliers...
2025-04-23 12:03:13,261 - INFO - Removed 142765 outliers
2025-04-23 12:03:13,261 - INFO - Adding engineered features...
2025-04-23 12:03:13,267 - INFO - Normalizing features...
2025-04-23 12:03:13,330 - INFO - Splitting data into train and test sets...
2025-04-23 12:03:13,456 - INFO - Training set: (209095, 15), Test set: (52274, 15)
2025-04-23 12:03:13,460 - INFO - Starting LightGBM training...
2025-04-23 12:03:21,342 - INFO - Model performance:
2025-04-23 12:03:21,343 - INFO - Accuracy: 1.0000
2025-04-23 12:03:21,343 - INFO - Precision: 1.0000
2025-04-23 12:03:21,343 - INFO - Recall: 1.0000
2025-04-23 12:03:21,344 - INFO - F1 Score: 1.0000
2025-04-23 12:03:21,535 - INFO - Saving model and related files...
2025-04-23 12:03:21,589 - INFO - Model saved to Model/blackhole_detector_lightgbm.joblib
2025-04-23 12:03:21,601 - INFO - Scaler saved to Model/scaler_lightgbm.joblib
2025-04-23 12:03:21,602 - INFO - Feature names saved to Model/feature_names_lightgbm.joblib
2025-04-23 12:03:21,603 - INFO - Model metadata saved to Model/model_metadata_lightgbm.joblib
2025-04-23 12:03:21,603 - INFO - Training completed successfully!
2025-04-24 16:02:06,316 - INFO - Loading dataset from dataset/blackhole.csv
2025-04-24 16:02:07,057 - INFO - Dataset loaded with 404134 rows and 18 columns
2025-04-24 16:02:07,100 - INFO - Features: ['length', 'transmission_rate_per_1000_ms', 'reception_rate_per_1000_ms', 'transmission_average_per_sec', 'reception_average_per_sec', 'transmission_count_per_sec', 'reception_count_per_sec', 'transmission_total_duration_per_sec', 'reception_total_duration_per_sec', 'dao', 'dis', 'dio']
2025-04-24 16:02:07,105 - INFO - Class distribution: {0: 269852, 1: 134282}
2025-04-24 16:02:07,108 - INFO - Preprocessing features...
2025-04-24 16:02:07,142 - INFO - Selected features: ['transmission_rate_per_1000_ms', 'reception_rate_per_1000_ms', 'transmission_count_per_sec', 'reception_count_per_sec', 'transmission_total_duration_per_sec', 'reception_total_duration_per_sec', 'transmission_reception_ratio', 'count_ratio', 'duration_ratio', 'dao', 'dis', 'dio', 'length']
2025-04-24 16:02:07,144 - INFO - Starting model training
2025-04-24 16:02:07,322 - INFO - Training set: 323307 samples, Test set: 80827 samples
2025-04-24 16:02:07,414 - INFO - Scaler saved to Model/scaler.joblib
2025-04-24 16:02:07,414 - INFO - Training LightGBM model...
2025-04-24 16:02:08,978 - INFO - Model performance:
2025-04-24 16:02:08,978 - INFO - Accuracy: 0.9870
2025-04-24 16:02:08,978 - INFO - Precision: 0.9698
2025-04-24 16:02:08,979 - INFO - Recall: 0.9918
2025-04-24 16:02:08,979 - INFO - F1 Score: 0.9807
2025-04-24 16:02:08,983 - INFO - Model saved to Model/blackhole_detector.txt
2025-04-24 16:02:08,984 - INFO - Model metadata saved to Model/model_metadata.joblib
2025-04-24 16:02:08,993 - INFO - Model training completed successfully
2025-04-24 16:03:18,850 - INFO - Loading dataset from dataset/blackhole.csv
2025-04-24 16:03:19,642 - INFO - Dataset loaded with 404134 rows and 18 columns
2025-04-24 16:03:19,676 - INFO - Features: ['length', 'transmission_rate_per_1000_ms', 'reception_rate_per_1000_ms', 'transmission_average_per_sec', 'reception_average_per_sec', 'transmission_count_per_sec', 'reception_count_per_sec', 'transmission_total_duration_per_sec', 'reception_total_duration_per_sec', 'dao', 'dis', 'dio']
2025-04-24 16:03:19,680 - INFO - Class distribution: {0: 269852, 1: 134282}
2025-04-24 16:03:19,683 - INFO - Preprocessing features...
2025-04-24 16:03:19,715 - INFO - Selected features: ['transmission_rate_per_1000_ms', 'reception_rate_per_1000_ms', 'transmission_count_per_sec', 'reception_count_per_sec', 'transmission_total_duration_per_sec', 'reception_total_duration_per_sec', 'transmission_reception_ratio', 'count_ratio', 'duration_ratio', 'dao', 'dis', 'dio', 'length']
2025-04-24 16:03:19,718 - INFO - Starting model training
2025-04-24 16:03:19,889 - INFO - Training set: 323307 samples, Test set: 80827 samples
2025-04-24 16:03:19,988 - INFO - Scaler saved to Model/scaler.joblib
2025-04-24 16:03:19,988 - INFO - Training LightGBM model...
2025-04-24 16:03:21,662 - INFO - Model performance:
2025-04-24 16:03:21,662 - INFO - Accuracy: 0.9870
2025-04-24 16:03:21,662 - INFO - Precision: 0.9698
2025-04-24 16:03:21,662 - INFO - Recall: 0.9918
2025-04-24 16:03:21,663 - INFO - F1 Score: 0.9807
2025-04-24 16:03:21,668 - INFO - Model saved to Model/blackhole_detector.txt
2025-04-24 16:03:21,669 - INFO - Model metadata saved to Model/model_metadata.joblib
2025-04-24 16:03:21,678 - INFO - Model training completed successfully
2025-04-24 16:05:24,421 - INFO - Loading dataset from dataset/blackhole.csv
2025-04-24 16:05:25,108 - INFO - Dataset loaded with 404134 rows and 18 columns
2025-04-24 16:05:25,140 - INFO - Features: ['length', 'transmission_rate_per_1000_ms', 'reception_rate_per_1000_ms', 'transmission_average_per_sec', 'reception_average_per_sec', 'transmission_count_per_sec', 'reception_count_per_sec', 'transmission_total_duration_per_sec', 'reception_total_duration_per_sec', 'dao', 'dis', 'dio']
2025-04-24 16:05:25,143 - INFO - Class distribution: {0: 269852, 1: 134282}
2025-04-24 16:05:25,145 - INFO - Preprocessing features...
2025-04-24 16:05:25,173 - INFO - Selected features: ['transmission_rate_per_1000_ms', 'reception_rate_per_1000_ms', 'transmission_count_per_sec', 'reception_count_per_sec', 'transmission_total_duration_per_sec', 'reception_total_duration_per_sec', 'transmission_reception_ratio', 'count_ratio', 'duration_ratio', 'dao', 'dis', 'dio', 'length']
2025-04-24 16:05:25,176 - INFO - Starting model training
2025-04-24 16:05:25,338 - INFO - Training set: 323307 samples, Test set: 80827 samples
2025-04-24 16:05:25,419 - INFO - Scaler saved to Model/scaler.joblib
2025-04-24 16:05:25,420 - INFO - Training LightGBM model...
2025-04-24 16:05:26,947 - INFO - Model performance:
2025-04-24 16:05:26,947 - INFO - Accuracy: 0.9870
2025-04-24 16:05:26,948 - INFO - Precision: 0.9698
2025-04-24 16:05:26,948 - INFO - Recall: 0.9918
2025-04-24 16:05:26,948 - INFO - F1 Score: 0.9807
2025-04-24 16:05:26,953 - INFO - Model saved to Model/blackhole_detector.txt
2025-04-24 16:05:26,954 - INFO - Model metadata saved to Model/model_metadata.joblib
2025-04-24 16:05:26,963 - INFO - Model training completed successfully
