2025-04-20 16:34:57,171 - INFO - Loading dataset from dataset/blackhole.csv
2025-04-20 16:34:57,885 - INFO - Dataset loaded with 404134 rows and 18 columns
2025-04-20 16:34:57,908 - ERROR - Error loading dataset: "['node_id'] not found in axis"
2025-04-20 16:34:57,909 - ERROR - Error in model training: "['node_id'] not found in axis"
2025-04-20 16:36:05,537 - INFO - Loading dataset from dataset/blackhole.csv
2025-04-20 16:36:06,240 - INFO - Dataset loaded with 404134 rows and 18 columns
2025-04-20 16:36:06,274 - INFO - Features: ['length', 'transmission_rate_per_1000_ms', 'reception_rate_per_1000_ms', 'transmission_average_per_sec', 'reception_average_per_sec', 'transmission_count_per_sec', 'reception_count_per_sec', 'transmission_total_duration_per_sec', 'reception_total_duration_per_sec', 'dao', 'dis', 'dio']
2025-04-20 16:36:06,280 - INFO - Class distribution: {0: 269852, 1: 134282}
2025-04-20 16:36:06,284 - INFO - Starting model training
2025-04-20 16:36:06,445 - INFO - Training set: 323307 samples, Test set: 80827 samples
2025-04-20 16:36:06,500 - INFO - Scaler saved to Model/scaler.joblib
2025-04-20 16:36:06,500 - INFO - Training RandomForest...
2025-04-20 16:36:12,256 - INFO - RandomForest - Accuracy: 0.9940, Precision: 0.9896, Recall: 0.9924, F1: 0.9910, Time: 5.76s
2025-04-20 16:36:12,256 - INFO - Training GradientBoosting...
2025-04-20 16:36:19,759 - INFO - GradientBoosting - Accuracy: 0.9425, Precision: 0.9148, Recall: 0.9120, F1: 0.9134, Time: 7.50s
2025-04-20 16:36:19,759 - INFO - Training LogisticRegression...
2025-04-20 16:36:20,069 - INFO - LogisticRegression - Accuracy: 0.7253, Precision: 0.7190, Recall: 0.2843, F1: 0.4075, Time: 0.31s
2025-04-20 16:36:20,069 - INFO - Best model: RandomForest with F1 score: 0.9910
2025-04-20 16:36:20,113 - INFO - Best model saved to Model/blackhole_detector.joblib
2025-04-20 16:36:20,114 - INFO - Model metadata saved to Model/model_metadata.joblib
2025-04-20 16:36:20,119 - INFO - Creating lightweight inference script for Raspberry Pi
2025-04-20 16:36:20,120 - INFO - Lightweight inference script created: lightweight_model_infer.py
2025-04-20 16:36:20,121 - INFO - Model training completed successfully
2025-04-22 23:15:39,834 - INFO - Loading dataset from dataset/blackhole.csv
2025-04-22 23:15:40,542 - INFO - Dataset loaded with 404134 rows and 18 columns
2025-04-22 23:15:40,575 - INFO - Features: ['length', 'transmission_rate_per_1000_ms', 'reception_rate_per_1000_ms', 'transmission_average_per_sec', 'reception_average_per_sec', 'transmission_count_per_sec', 'reception_count_per_sec', 'transmission_total_duration_per_sec', 'reception_total_duration_per_sec', 'dao', 'dis', 'dio']
2025-04-22 23:15:40,578 - INFO - Class distribution: {0: 269852, 1: 134282}
2025-04-22 23:15:40,582 - INFO - Starting model training
2025-04-22 23:15:40,740 - INFO - Training set: 323307 samples, Test set: 80827 samples
2025-04-22 23:15:40,798 - INFO - Scaler saved to Model/scaler.joblib
2025-04-22 23:15:40,798 - INFO - Training LightGBM model...
2025-04-22 23:15:40,798 - ERROR - Error in model training: train() got an unexpected keyword argument 'early_stopping_rounds'
